[2026-04-29 01:07:30.260] [info] Using configuration file /home/joe/.config/waybar/config
[2026-04-29 01:07:30.261] [info] Unable to receive desktop appearance: GDBus.Error:org.freedesktop.DBus.Error.UnknownMethod: No such interface “org.freedesktop.portal.Settings” on object at path /org/freedesktop/portal/desktop
[2026-04-29 01:07:30.261] [info] Using CSS file /home/joe/.config/waybar/style.css
[2026-04-29 01:07:30.273] [info] Hyprland IPC starting
[2026-04-29 01:07:30.274] [info] Loading persistent workspaces from Hyprland workspace rules
ERROR: Can't get value of subfeature temp1_max_alarm: Can't read
ERROR: Can't get value of subfeature temp1_max_alarm: Can't read
Plugged
[2026-04-29 01:07:30.415] [info] Bar configured (width: 3072, height: 33) for output: eDP-1
[2026-04-29 01:07:30.415] [error] Item '': No icon name or pixmap given.
ERROR: Can't get value of subfeature temp1_max_alarm: Can't read
ERROR: Can't get value of subfeature temp1_max_alarm: Can't read
ERROR: Can't get value of subfeature temp1_max_alarm: Can't read
ERROR: Can't get value of subfeature temp1_max_alarm: Can't read
ERROR: Can't get value of subfeature temp1_max_alarm: Can't read
ERROR: Can't get value of subfeature temp1_max_alarm: Can't read
ERROR: Can't get value of subfeature temp1_max_alarm: Can't read
ERROR: Can't get value of subfeature temp1_max_alarm: Can't read
ERROR: Can't get value of subfeature temp1_max_alarm: Can't read
ERROR: Can't get value of subfeature temp1_max_alarm: Can't read
ERROR: Can't get value of subfeature temp1_max_alarm: Can't read
ERROR: Can't get value of subfeature temp1_max_alarm: Can't read
ERROR: Can't get value of subfeature temp1_max_alarm: Can't read
ERROR: Can't get value of subfeature temp1_max_alarm: Can't read
ERROR: Can't get value of subfeature temp1_max_alarm: Can't read
ERROR: Can't get value of subfeature temp1_max_alarm: Can't read
ERROR: Can't get value of subfeature temp1_max_alarm: Can't read
ERROR: Can't get value of subfeature temp1_max_alarm: Can't read
ERROR: Can't get value of subfeature temp1_max_alarm: Can't read
ERROR: Can't get value of subfeature temp1_max_alarm: Can't read
ERROR: Can't get value of subfeature temp1_max_alarm: Can't read
ERROR: Can't get value of subfeature temp1_max_alarm: Can't read
ERROR: Can't get value of subfeature temp1_max_alarm: Can't read
ERROR: Can't get value of subfeature temp1_max_alarm: Can't read
ERROR: Can't get value of subfeature temp1_max_alarm: Can't read
ERROR: Can't get value of subfeature temp1_max_alarm: Can't read
ERROR: Can't get value of subfeature temp1_max_alarm: Can't read
ERROR: Can't get value of subfeature temp1_max_alarm: Can't read
ERROR: Can't get value of subfeature temp1_max_alarm: Can't read
ERROR: Can't get value of subfeature temp1_max_alarm: Can't read
ERROR: Can't get value of subfeature temp1_max_alarm: Can't read
ERROR: Can't get value of subfeature temp1_max_alarm: Can't read
ERROR: Can't get value of subfeature temp1_max_alarm: Can't read
ERROR: Can't get value of subfeature temp1_max_alarm: Can't read
ERROR: Can't get value of subfeature temp1_max_alarm: Can't read
ERROR: Can't get value of subfeature temp1_max_alarm: Can't read
ERROR: Can't get value of subfeature temp1_max_alarm: Can't read
ERROR: Can't get value of subfeature temp1_max_alarm: Can't read
ERROR: Can't get value of subfeature temp1_max_alarm: Can't read
ERROR: Can't get value of subfeature temp1_max_alarm: Can't read
ERROR: Can't get value of subfeature temp1_max_alarm: Can't read
ERROR: Can't get value of subfeature temp1_max_alarm: Can't read
ERROR: Can't get value of subfeature temp1_max_alarm: Can't read
ERROR: Can't get value of subfeature temp1_max_alarm: Can't read
ERROR: Can't get value of subfeature temp1_max_alarm: Can't read
ERROR: Can't get value of subfeature temp1_max_alarm: Can't read
ERROR: Can't get value of subfeature temp1_max_alarm: Can't read
ERROR: Can't get value of subfeature temp1_max_alarm: Can't read
ERROR: Can't get value of subfeature temp1_max_alarm: Can't read
ERROR: Can't get value of subfeature temp1_max_alarm: Can't read
ERROR: Can't get value of subfeature temp1_max_alarm: Can't read
ERROR: Can't get value of subfeature temp1_max_alarm: Can't read
ERROR: Can't get value of subfeature temp1_max_alarm: Can't read
ERROR: Can't get value of subfeature temp1_max_alarm: Can't read
ERROR: Can't get value of subfeature temp1_max_alarm: Can't read
ERROR: Can't get value of subfeature temp1_max_alarm: Can't read
ERROR: Can't get value of subfeature temp1_max_alarm: Can't read
ERROR: Can't get value of subfeature temp1_max_alarm: Can't read
ERROR: Can't get value of subfeature temp1_max_alarm: Can't read
ERROR: Can't get value of subfeature temp1_max_alarm: Can't read
ERROR: Can't get value of subfeature temp1_max_alarm: Can't read
ERROR: Can't get value of subfeature temp1_max_alarm: Can't read
ERROR: Can't get value of subfeature temp1_max_alarm: Can't read
ERROR: Can't get value of subfeature temp1_max_alarm: Can't read
ERROR: Can't get value of subfeature temp1_max_alarm: Can't read
ERROR: Can't get value of subfeature temp1_max_alarm: Can't read
ERROR: Can't get value of subfeature temp1_max_alarm: Can't read
ERROR: Can't get value of subfeature temp1_max_alarm: Can't read
ERROR: Can't get value of subfeature temp1_max_alarm: Can't read
ERROR: Can't get value of subfeature temp1_max_alarm: Can't read
ERROR: Can't get value of subfeature temp1_max_alarm: Can't read
ERROR: Can't get value of subfeature temp1_max_alarm: Can't read
ERROR: Can't get value of subfeature temp1_max_alarm: Can't read
ERROR: Can't get value of subfeature temp1_max_alarm: Can't read
ERROR: Can't get value of subfeature temp1_max_alarm: Can't read
ERROR: Can't get value of subfeature temp1_max_alarm: Can't read
ERROR: Can't get value of subfeature temp1_max_alarm: Can't read
ERROR: Can't get value of subfeature temp1_max_alarm: Can't read
ERROR: Can't get value of subfeature temp1_max_alarm: Can't read
ERROR: Can't get value of subfeature temp1_max_alarm: Can't read
ERROR: Can't get value of subfeature temp1_max_alarm: Can't read
ERROR: Can't get value of subfeature temp1_max_alarm: Can't read
ERROR: Can't get value of subfeature temp1_max_alarm: Can't read
ERROR: Can't get value of subfeature temp1_max_alarm: Can't read
ERROR: Can't get value of subfeature temp1_max_alarm: Can't read
ERROR: Can't get value of subfeature temp1_max_alarm: Can't read
ERROR: Can't get value of subfeature temp1_max_alarm: Can't read
ERROR: Can't get value of subfeature temp1_max_alarm: Can't read
ERROR: Can't get value of subfeature temp1_max_alarm: Can't read
ERROR: Can't get value of subfeature temp1_max_alarm: Can't read
ERROR: Can't get value of subfeature temp1_max_alarm: Can't read
ERROR: Can't get value of subfeature temp1_max_alarm: Can't read
ERROR: Can't get value of subfeature temp1_max_alarm: Can't read
ERROR: Can't get value of subfeature temp1_max_alarm: Can't read
ERROR: Can't get value of subfeature temp1_max_alarm: Can't read
ERROR: Can't get value of subfeature temp1_max_alarm: Can't read
ERROR: Can't get value of subfeature temp1_max_alarm: Can't read
ERROR: Can't get value of subfeature temp1_max_alarm: Can't read
ERROR: Can't get value of subfeature temp1_max_alarm: Can't read
ERROR: Can't get value of subfeature temp1_max_alarm: Can't read
ERROR: Can't get value of subfeature temp1_max_alarm: Can't read
ERROR: Can't get value of subfeature temp1_max_alarm: Can't read
ERROR: Can't get value of subfeature temp1_max_alarm: Can't read
ERROR: Can't get value of subfeature temp1_max_alarm: Can't read
ERROR: Can't get value of subfeature temp1_max_alarm: Can't read
ERROR: Can't get value of subfeature temp1_max_alarm: Can't read
ERROR: Can't get value of subfeature temp1_max_alarm: Can't read
ERROR: Can't get value of subfeature temp1_max_alarm: Can't read
ERROR: Can't get value of subfeature temp1_max_alarm: Can't read
ERROR: Can't get value of subfeature temp1_max_alarm: Can't read
ERROR: Can't get value of subfeature temp1_max_alarm: Can't read
ERROR: Can't get value of subfeature temp1_max_alarm: Can't read
ERROR: Can't get value of subfeature temp1_max_alarm: Can't read
ERROR: Can't get value of subfeature temp1_max_alarm: Can't read
ERROR: Can't get value of subfeature temp1_max_alarm: Can't read
ERROR: Can't get value of subfeature temp1_max_alarm: Can't read
ERROR: Can't get value of subfeature temp1_max_alarm: Can't read
ERROR: Can't get value of subfeature temp1_max_alarm: Can't read
ERROR: Can't get value of subfeature temp1_max_alarm: Can't read
ERROR: Can't get value of subfeature temp1_max_alarm: Can't read
ERROR: Can't get value of subfeature temp1_max_alarm: Can't read
ERROR: Can't get value of subfeature temp1_max_alarm: Can't read
ERROR: Can't get value of subfeature temp1_max_alarm: Can't read
ERROR: Can't get value of subfeature temp1_max_alarm: Can't read
ERROR: Can't get value of subfeature temp1_max_alarm: Can't read
ERROR: Can't get value of subfeature temp1_max_alarm: Can't read
ERROR: Can't get value of subfeature temp1_max_alarm: Can't read
ERROR: Can't get value of subfeature temp1_max_alarm: Can't read
ERROR: Can't get value of subfeature temp1_max_alarm: Can't read
ERROR: Can't get value of subfeature temp1_max_alarm: Can't read
ERROR: Can't get value of subfeature temp1_max_alarm: Can't read
ERROR: Can't get value of subfeature temp1_max_alarm: Can't read
ERROR: Can't get value of subfeature temp1_max_alarm: Can't read
ERROR: Can't get value of subfeature temp1_max_alarm: Can't read
[2026-04-29 01:08:57.497] [info] Using configuration file /home/joe/.config/waybar/config
[2026-04-29 01:08:57.499] [info] Unable to receive desktop appearance: GDBus.Error:org.freedesktop.DBus.Error.UnknownMethod: No such interface “org.freedesktop.portal.Settings” on object at path /org/freedesktop/portal/desktop
[2026-04-29 01:08:57.499] [info] Using CSS file /home/joe/.config/waybar/style.css
[2026-04-29 01:08:57.512] [info] Hyprland IPC starting
[2026-04-29 01:08:57.512] [info] Loading persistent workspaces from Hyprland workspace rules
ERROR: Can't get value of subfeature temp1_max_alarm: Can't read
ERROR: Can't get value of subfeature temp1_max_alarm: Can't read
Plugged
[2026-04-29 01:08:57.667] [info] Bar configured (width: 3072, height: 33) for output: eDP-1
ERROR: Can't get value of subfeature temp1_max_alarm: Can't read
ERROR: Can't get value of subfeature temp1_max_alarm: Can't read
ERROR: Can't get value of subfeature temp1_max_alarm: Can't read
ERROR: Can't get value of subfeature temp1_max_alarm: Can't read
ERROR: Can't get value of subfeature temp1_max_alarm: Can't read
ERROR: Can't get value of subfeature temp1_max_alarm: Can't read
ERROR: Can't get value of subfeature temp1_max_alarm: Can't read
ERROR: Can't get value of subfeature temp1_max_alarm: Can't read
ERROR: Can't get value of subfeature temp1_max_alarm: Can't read
ERROR: Can't get value of subfeature temp1_max_alarm: Can't read
ERROR: Can't get value of subfeature temp1_max_alarm: Can't read
ERROR: Can't get value of subfeature temp1_max_alarm: Can't read
ERROR: Can't get value of subfeature temp1_max_alarm: Can't read
ERROR: Can't get value of subfeature temp1_max_alarm: Can't read
ERROR: Can't get value of subfeature temp1_max_alarm: Can't read
ERROR: Can't get value of subfeature temp1_max_alarm: Can't read
ERROR: Can't get value of subfeature temp1_max_alarm: Can't read
ERROR: Can't get value of subfeature temp1_max_alarm: Can't read
ERROR: Can't get value of subfeature temp1_max_alarm: Can't read
ERROR: Can't get value of subfeature temp1_max_alarm: Can't read
ERROR: Can't get value of subfeature temp1_max_alarm: Can't read
ERROR: Can't get value of subfeature temp1_max_alarm: Can't read
ERROR: Can't get value of subfeature temp1_max_alarm: Can't read
ERROR: Can't get value of subfeature temp1_max_alarm: Can't read
ERROR: Can't get value of subfeature temp1_max_alarm: Can't read
ERROR: Can't get value of subfeature temp1_max_alarm: Can't read
ERROR: Can't get value of subfeature temp1_max_alarm: Can't read
ERROR: Can't get value of subfeature temp1_max_alarm: Can't read
ERROR: Can't get value of subfeature temp1_max_alarm: Can't read
ERROR: Can't get value of subfeature temp1_max_alarm: Can't read
ERROR: Can't get value of subfeature temp1_max_alarm: Can't read
ERROR: Can't get value of subfeature temp1_max_alarm: Can't read
ERROR: Can't get value of subfeature temp1_max_alarm: Can't read
ERROR: Can't get value of subfeature temp1_max_alarm: Can't read
ERROR: Can't get value of subfeature temp1_max_alarm: Can't read
ERROR: Can't get value of subfeature temp1_max_alarm: Can't read
ERROR: Can't get value of subfeature temp1_max_alarm: Can't read
ERROR: Can't get value of subfeature temp1_max_alarm: Can't read
ERROR: Can't get value of subfeature temp1_max_alarm: Can't read
ERROR: Can't get value of subfeature temp1_max_alarm: Can't read
ERROR: Can't get value of subfeature temp1_max_alarm: Can't read
ERROR: Can't get value of subfeature temp1_max_alarm: Can't read
ERROR: Can't get value of subfeature temp1_max_alarm: Can't read
ERROR: Can't get value of subfeature temp1_max_alarm: Can't read
ERROR: Can't get value of subfeature temp1_max_alarm: Can't read
ERROR: Can't get value of subfeature temp1_max_alarm: Can't read
ERROR: Can't get value of subfeature temp1_max_alarm: Can't read
ERROR: Can't get value of subfeature temp1_max_alarm: Can't read
ERROR: Can't get value of subfeature temp1_max_alarm: Can't read
ERROR: Can't get value of subfeature temp1_max_alarm: Can't read
ERROR: Can't get value of subfeature temp1_max_alarm: Can't read
ERROR: Can't get value of subfeature temp1_max_alarm: Can't read
ERROR: Can't get value of subfeature temp1_max_alarm: Can't read
ERROR: Can't get value of subfeature temp1_max_alarm: Can't read
ERROR: Can't get value of subfeature temp1_max_alarm: Can't read
ERROR: Can't get value of subfeature temp1_max_alarm: Can't read
ERROR: Can't get value of subfeature temp1_max_alarm: Can't read
ERROR: Can't get value of subfeature temp1_max_alarm: Can't read
ERROR: Can't get value of subfeature temp1_max_alarm: Can't read
ERROR: Can't get value of subfeature temp1_max_alarm: Can't read
ERROR: Can't get value of subfeature temp1_max_alarm: Can't read
ERROR: Can't get value of subfeature temp1_max_alarm: Can't read
ERROR: Can't get value of subfeature temp1_max_alarm: Can't read
ERROR: Can't get value of subfeature temp1_max_alarm: Can't read
ERROR: Can't get value of subfeature temp1_max_alarm: Can't read
ERROR: Can't get value of subfeature temp1_max_alarm: Can't read
head: write error: Broken pipe
